Change Component Designator: Old Designator=C1 New Designator=C2
Change Component Designator: Old Designator=C1 New Designator=C3
Change Component Designator: Old Designator=C1 New Designator=C4
Change Component Designator: Old Designator=C1 New Designator=C5
Change Component Designator: Old Designator=C1 New Designator=C6
Change Component Designator: Old Designator=C1 New Designator=C7
Change Component Designator: Old Designator=C1 New Designator=C8
Change Component Designator: Old Designator=C1 New Designator=C9
Change Component Designator: Old Designator=C1 New Designator=C10
Change Component Designator: Old Designator=C1 New Designator=C12
Change Component Designator: Old Designator=C1 New Designator=C13
Change Component Designator: Old Designator=C1 New Designator=C14
Change Component Designator: Old Designator=C1 New Designator=C15
Change Component Designator: Old Designator=C2 New Designator=C17
Change Component Designator: Old Designator=C? New Designator=C11
Change Component Designator: Old Designator=C? New Designator=C16
Change Component Designator: Old Designator=DA? New Designator=DA1
Change Component Designator: Old Designator=DA? New Designator=DA2
Change Component Designator: Old Designator=L1 New Designator=L2
Change Component Designator: Old Designator=Q? New Designator=Q1
Change Component Designator: Old Designator=R1 New Designator=R20
Change Component Designator: Old Designator=R2 New Designator=R22
Change Component Designator: Old Designator=R3 New Designator=R23
Change Component Designator: Old Designator=R4 New Designator=R24
Change Component Designator: Old Designator=R5 New Designator=R26
Change Component Designator: Old Designator=R6 New Designator=R27
Change Component Designator: Old Designator=R7 New Designator=R28
Change Component Designator: Old Designator=R8 New Designator=R29
Change Component Designator: Old Designator=R? New Designator=R1
Change Component Designator: Old Designator=R? New Designator=R2
Change Component Designator: Old Designator=R? New Designator=R3
Change Component Designator: Old Designator=R? New Designator=R4
Change Component Designator: Old Designator=R? New Designator=R5
Change Component Designator: Old Designator=R? New Designator=R6
Change Component Designator: Old Designator=R? New Designator=R7
Change Component Designator: Old Designator=R? New Designator=R8
Change Component Designator: Old Designator=R? New Designator=R9
Change Component Designator: Old Designator=R? New Designator=R10
Change Component Designator: Old Designator=R? New Designator=R11
Change Component Designator: Old Designator=R? New Designator=R12
Change Component Designator: Old Designator=R? New Designator=R13
Change Component Designator: Old Designator=R? New Designator=R14
Change Component Designator: Old Designator=R? New Designator=R15
Change Component Designator: Old Designator=R? New Designator=R16
Change Component Designator: Old Designator=R? New Designator=R17
Change Component Designator: Old Designator=R? New Designator=R18
Change Component Designator: Old Designator=R? New Designator=R19
Change Component Designator: Old Designator=R? New Designator=R21
Change Component Designator: Old Designator=R? New Designator=R25
Change Component Designator: Old Designator=U1 New Designator=U3
Change Component Designator: Old Designator=U2 New Designator=U4
Change Component Designator: Old Designator=U? New Designator=U1
Change Component Designator: Old Designator=U? New Designator=U2
Change Component Designator: Old Designator=VD? New Designator=VD1
Change Component Designator: Old Designator=VD? New Designator=VD2
Change Component Designator: Old Designator=VD? New Designator=VD3
Change Component Designator: Old Designator=VD? New Designator=VD4
Change Component Designator: Old Designator=VD? New Designator=VD5
Change Component Designator: Old Designator=VD? New Designator=VD6
Change Component Designator: Old Designator=VD? New Designator=VD7
Change Component Designator: Old Designator=VD? New Designator=VD8
Change Component Designator: Old Designator=VD? New Designator=VD9
Change Component Designator: Old Designator=VT1 New Designator=VT6
Change Component Designator: Old Designator=VT1 New Designator=VT6
Change Component Designator: Old Designator=VT2 New Designator=VT7
Change Component Designator: Old Designator=VT2 New Designator=VT7
Change Component Designator: Old Designator=VT? New Designator=VT1
Change Component Designator: Old Designator=VT? New Designator=VT2
Change Component Designator: Old Designator=VT? New Designator=VT3
Change Component Designator: Old Designator=VT? New Designator=VT4
Change Component Designator: Old Designator=VT? New Designator=VT5
