Change Component Designator: Old Designator=C3 New Designator=C39
Change Component Designator: Old Designator=C3 New Designator=C40
Change Component Designator: Old Designator=C7 New Designator=C31
Change Component Designator: Old Designator=C7 New Designator=C32
Change Component Designator: Old Designator=C7 New Designator=C34
Change Component Designator: Old Designator=C7 New Designator=C35
Change Component Designator: Old Designator=C7 New Designator=C36
Change Component Designator: Old Designator=C7 New Designator=C37
Change Component Designator: Old Designator=C7 New Designator=C38
Change Component Designator: Old Designator=C10 New Designator=C24
Change Component Designator: Old Designator=C10 New Designator=C25
Change Component Designator: Old Designator=C10 New Designator=C27
Change Component Designator: Old Designator=C10 New Designator=C30
Change Component Designator: Old Designator=C15 New Designator=C26
Change Component Designator: Old Designator=C15 New Designator=C28
Change Component Designator: Old Designator=C15 New Designator=C29
Change Component Designator: Old Designator=C15 New Designator=C33
Change Component Designator: Old Designator=C15 New Designator=C41
Change Component Designator: Old Designator=C15 New Designator=C42
Change Component Designator: Old Designator=DA1 New Designator=DA3
Change Component Designator: Old Designator=DA1 New Designator=DA5
Change Component Designator: Old Designator=DA2 New Designator=DA4
Change Component Designator: Old Designator=P? New Designator=P1
Change Component Designator: Old Designator=P? New Designator=P2
Change Component Designator: Old Designator=R6 New Designator=R36
Change Component Designator: Old Designator=R6 New Designator=R37
Change Component Designator: Old Designator=R20 New Designator=R61
Change Component Designator: Old Designator=R21 New Designator=R39
Change Component Designator: Old Designator=R21 New Designator=R47
Change Component Designator: Old Designator=R21 New Designator=R50
Change Component Designator: Old Designator=R21 New Designator=R59
Change Component Designator: Old Designator=R21 New Designator=R62
Change Component Designator: Old Designator=R21 New Designator=R63
Change Component Designator: Old Designator=R25 New Designator=R43
Change Component Designator: Old Designator=R25 New Designator=R51
Change Component Designator: Old Designator=R25 New Designator=R53
Change Component Designator: Old Designator=R25 New Designator=R56
Change Component Designator: Old Designator=R25 New Designator=R57
Change Component Designator: Old Designator=R25 New Designator=R60
Change Component Designator: Old Designator=R25 New Designator=R64
Change Component Designator: Old Designator=R25 New Designator=R65
Change Component Designator: Old Designator=R28 New Designator=R38
Change Component Designator: Old Designator=R28 New Designator=R40
Change Component Designator: Old Designator=R28 New Designator=R41
Change Component Designator: Old Designator=R28 New Designator=R42
Change Component Designator: Old Designator=R28 New Designator=R44
Change Component Designator: Old Designator=R28 New Designator=R45
Change Component Designator: Old Designator=R28 New Designator=R46
Change Component Designator: Old Designator=R28 New Designator=R48
Change Component Designator: Old Designator=R28 New Designator=R49
Change Component Designator: Old Designator=R28 New Designator=R52
Change Component Designator: Old Designator=R28 New Designator=R54
Change Component Designator: Old Designator=R28 New Designator=R55
Change Component Designator: Old Designator=R28 New Designator=R58
Change Component Designator: Old Designator=VD5 New Designator=VD14
Change Component Designator: Old Designator=VD5 New Designator=VD15
Change Component Designator: Old Designator=VD8 New Designator=VD16
Change Component Designator: Old Designator=VD8 New Designator=VD17
Change Component Designator: Old Designator=VD8 New Designator=VD18
Change Component Designator: Old Designator=VD8 New Designator=VD19
Change Component Designator: Old Designator=Y? New Designator=Y1
