Change Component Designator: Old Designator=C12 New Designator=C18
Change Component Designator: Old Designator=C12 New Designator=C19
Change Component Designator: Old Designator=C17 New Designator=C20
Change Component Designator: Old Designator=C17 New Designator=C21
Change Component Designator: Old Designator=C17 New Designator=C22
Change Component Designator: Old Designator=C17 New Designator=C23
Change Component Designator: Old Designator=R1 New Designator=R34
Change Component Designator: Old Designator=R1 New Designator=R35
Change Component Designator: Old Designator=R24 New Designator=R30
Change Component Designator: Old Designator=R24 New Designator=R31
Change Component Designator: Old Designator=R24 New Designator=R32
Change Component Designator: Old Designator=R24 New Designator=R33
Change Component Designator: Old Designator=R24 New Designator=R36
Change Component Designator: Old Designator=R24 New Designator=R37
Change Component Designator: Old Designator=R24 New Designator=R38
Change Component Designator: Old Designator=R24 New Designator=R39
Change Component Designator: Old Designator=U3 New Designator=U5
Change Component Designator: Old Designator=U3 New Designator=U6
Change Component Designator: Old Designator=U3 New Designator=U7
Change Component Designator: Old Designator=U3 New Designator=U8
Change Component Designator: Old Designator=VD7 New Designator=VD10
Change Component Designator: Old Designator=VD7 New Designator=VD11
Change Component Designator: Old Designator=VD7 New Designator=VD12
Change Component Designator: Old Designator=VD7 New Designator=VD13
Change Component Designator: Old Designator=VT6 New Designator=VT7
Change Component Designator: Old Designator=VT7 New Designator=VT6
Change Component Part ID : Designator=VT6 Old Part ID =1 New Part ID =2
Change Component Part ID : Designator=VT7 Old Part ID =2 New Part ID =1
Change Component Designator: Old Designator=VT? New Designator=VT8
Change Component Designator: Old Designator=VT? New Designator=VT8
Change Component Part ID : Designator=VT8 Old Part ID =1 New Part ID =2
Change Component Designator: Old Designator=VT? New Designator=VT9
Change Component Designator: Old Designator=VT? New Designator=VT9
Change Component Part ID : Designator=VT9 Old Part ID =1 New Part ID =2
Change Component Designator: Old Designator=VT? New Designator=VT10
Change Component Part ID : Designator=VT10 Old Part ID =2 New Part ID =1
Change Component Designator: Old Designator=VT? New Designator=VT10
Change Component Designator: Old Designator=VT? New Designator=VT11
Change Component Part ID : Designator=VT11 Old Part ID =2 New Part ID =1
Change Component Designator: Old Designator=VT? New Designator=VT11
